[debug] [2017-12-18T11:50:10.671Z] ----------------------------------------------------------------------
[debug] [2017-12-18T11:50:10.686Z] Command:       C:\Program Files\nodejs\node.exe C:\Users\kickstand\AppData\Roaming\npm\node_modules\firebase-tools\bin\firebase init
[debug] [2017-12-18T11:50:10.688Z] CLI Version:   3.15.4
[debug] [2017-12-18T11:50:10.689Z] Platform:      win32
[debug] [2017-12-18T11:50:10.689Z] Node Version:  v6.11.3
[debug] [2017-12-18T11:50:10.691Z] Time:          Mon Dec 18 2017 12:50:10 GMT+0100 (W. Europe Standard Time)
[debug] [2017-12-18T11:50:10.692Z] ----------------------------------------------------------------------
[debug] 
[debug] [2017-12-18T11:50:10.750Z] > command requires scopes: ["email","openid","https://www.googleapis.com/auth/cloudplatformprojects.readonly","https://www.googleapis.com/auth/firebase"]
[debug] [2017-12-18T11:50:10.751Z] > authorizing via signed-in user
[info] 
     ######## #### ########  ######## ########     ###     ######  ########
     ##        ##  ##     ## ##       ##     ##  ##   ##  ##       ##
     ######    ##  ########  ######   ########  #########  ######  ######
     ##        ##  ##    ##  ##       ##     ## ##     ##       ## ##
     ##       #### ##     ## ######## ########  ##     ##  ######  ########

You're about to initialize a Firebase project in this directory:

  D:\ads\ads73-dv\website

Before we get started, keep in mind:

  * You are initializing in an existing Firebase project directory

[info] 
=== Project Setup
[info] 
[info] First, let's associate this project directory with a Firebase project.
[info] You can create multiple project aliases by running firebase use --add, 
[info] but for now we'll just set up a default project.
[info] 
[debug] [2017-12-18T11:50:22.006Z] > refreshing access token with scopes: ["email","https://www.googleapis.com/auth/cloudplatformprojects.readonly","https://www.googleapis.com/auth/firebase","openid"]
[debug] [2017-12-18T11:50:22.008Z] >>> HTTP REQUEST POST https://www.googleapis.com/oauth2/v3/token { refresh_token: '1/pqIjTnTc-q5aBCzflj8xGNj15BtYTSBr9O3rqEl0m3A',
  client_id: '563584335869-fgrhgmd47bqnekij5i8b5pr03ho849e6.apps.googleusercontent.com',
  client_secret: 'j9iVZfS8kkCEFUPaAeJV0sAi',
  grant_type: 'refresh_token',
  scope: 'email https://www.googleapis.com/auth/cloudplatformprojects.readonly https://www.googleapis.com/auth/firebase openid' } 
 Mon Dec 18 2017 12:50:22 GMT+0100 (W. Europe Standard Time)
[debug] [2017-12-18T11:50:22.218Z] <<< HTTP RESPONSE 200
[debug] [2017-12-18T11:50:22.307Z] >>> HTTP REQUEST GET https://admin.firebase.com/v1/projects  
 Mon Dec 18 2017 12:50:22 GMT+0100 (W. Europe Standard Time)
[debug] [2017-12-18T11:50:23.039Z] <<< HTTP RESPONSE 200
[info] i  .firebaserc already has a default project, skipping
[info] 
=== Hosting Setup
[info] 
[info] Your public directory is the folder (relative to your project directory) that
[info] will contain Hosting assets to be uploaded with firebase deploy. If you
[info] have a build process for your assets, use your build's output directory.
[info] 
[info] +  Wrote public/404.html
[debug] [2017-12-18T11:51:18.785Z] >>> HTTP REQUEST GET https://www.gstatic.com/firebasejs/releases.json  
 Mon Dec 18 2017 12:51:18 GMT+0100 (W. Europe Standard Time)
[debug] [2017-12-18T11:51:18.860Z] <<< HTTP RESPONSE 200
[info] i  Skipping write of public/index.html
